<?xml version="1.0" encoding="UTF-8"?>
<!-- Generated by org.testng.reporters.JUnitReportReporter -->
<testsuite ignored="0" hostname="Felixs-MacBook-Pro-2.local" failures="0" tests="4" name="tests.GetMethods" time="7.683" errors="0" timestamp="05 Apr 2020 04:39:26 GMT" skipped="0">
  <testcase classname="tests.GetMethods" name="testLatency" time="1.733"/>
  <testcase classname="tests.GetMethods" name="testGetAllBookingIDStatus" time="2.854"/>
  <testcase classname="tests.GetMethods" name="testGetInvalidBookingEndpoint" time="1.512"/>
  <testcase classname="tests.GetMethods" name="testGetBookingByID" time="1.584"/>
</testsuite> <!-- tests.GetMethods -->
